2026-06-15 14:56:47,185 [INFO] Starting MLflow tracking session for XGBoost...
2026-06-15 14:56:51,965 [INFO] MLflow active run started successfully.
2026-06-15 14:56:52,048 [INFO] Model parameters successfully sent to MLflow dashboard.
2026-06-15 14:56:52,050 [INFO] Training the final optimized XGBoost model... Please wait...
2026-06-15 14:56:55,236 [INFO] Generating predictions on test dataset...
2026-06-15 14:56:55,738 [INFO]  Computed Metrics -> Precision: 0.418 | Recall: 0.939 | F1: 0.579 | AUC: 0.845
2026-06-15 14:56:55,744 [INFO] Saving trained XGBoost model structure to MLflow storage...
2026-06-15 14:57:42,044 [INFO] Model saved successfully!
2026-06-15 14:58:31,371 [INFO] Starting MLflow tracking session for XGBoost...
2026-06-15 14:58:31,554 [INFO] MLflow active run started successfully.
2026-06-15 14:58:31,653 [INFO] Model parameters successfully sent to MLflow dashboard.
2026-06-15 14:58:31,661 [INFO] Training the final optimized XGBoost model... Please wait...
2026-06-15 14:58:37,554 [INFO] Generating predictions on test dataset...
2026-06-15 14:58:37,580 [INFO]  Predictions complete in 0.0169 seconds.
2026-06-15 14:58:37,682 [INFO]  Computed Metrics -> Precision: 0.418 | Recall: 0.939 | F1: 0.579 | AUC: 0.845
2026-06-15 14:58:37,684 [INFO] Saving trained XGBoost model structure to MLflow storage...
2026-06-15 14:59:43,989 [INFO] Starting MLflow tracking session for XGBoost...
2026-06-15 14:59:44,162 [INFO] MLflow active run started successfully.
2026-06-15 14:59:44,298 [INFO] Model parameters successfully sent to MLflow dashboard.
2026-06-15 14:59:44,303 [INFO] Training the final optimized XGBoost model... Please wait...
2026-06-15 15:00:14,663 [INFO]  Training complete in 30.35 seconds.
2026-06-15 15:00:14,664 [INFO] Generating predictions on test dataset...
2026-06-15 15:00:14,694 [INFO]  Predictions complete in 0.0135 seconds.
2026-06-15 15:00:14,786 [INFO]  Computed Metrics -> Precision: 0.418 | Recall: 0.939 | F1: 0.579 | AUC: 0.845
2026-06-15 15:00:14,788 [INFO] Saving trained XGBoost model structure to MLflow storage...
2026-06-15 15:00:34,906 [INFO] Model saved successfully!
